<?xml version="1.0" encoding="UTF-8"?>
<testng-results ignored="0" total="2" passed="2" failed="0" skipped="0">
  <reporter-output>
  </reporter-output>
  <suite started-at="2024-08-26T21:10:28 IST" name="Default suite" finished-at="2024-08-26T21:10:41 IST" duration-ms="13015">
    <groups>
    </groups>
    <test started-at="2024-08-26T21:10:28 IST" name="Default test" finished-at="2024-08-26T21:10:41 IST" duration-ms="13015">
      <class name="tests.Login">
        <test-method signature="testLogin(java.util.HashMap)[pri:0, instance:tests.Login@53fb3dab]" started-at="2024-08-26T21:10:29 IST" name="testLogin" data-provider="dataSupplier" finished-at="2024-08-26T21:10:34 IST" duration-ms="5030" status="PASS">
          <params>
            <param index="0">
              <value>
                <![CDATA[{Runmode=Y, ExpectedResult=Success, Username=amotooricapbat612@gmail.com, Browser=Chrome, Password=abcdefgh}]]>
              </value>
            </param>
          </params>
          <reporter-output>
          </reporter-output>
        </test-method> <!-- testLogin -->
        <test-method is-config="true" signature="tearDown()[pri:0, instance:tests.Login@53fb3dab]" started-at="2024-08-26T21:10:34 IST" name="tearDown" finished-at="2024-08-26T21:10:34 IST" duration-ms="170" status="PASS">
          <reporter-output>
          </reporter-output>
        </test-method> <!-- tearDown -->
        <test-method signature="testLogin(java.util.HashMap)[pri:0, instance:tests.Login@53fb3dab]" started-at="2024-08-26T21:10:34 IST" name="testLogin" data-provider="dataSupplier" finished-at="2024-08-26T21:10:40 IST" duration-ms="5849" status="PASS">
          <params>
            <param index="0">
              <value>
                <![CDATA[{Runmode=Y, ExpectedResult=Success, Username=amotooricapbat63@gmail.com, Browser=Edge, Password=abcde}]]>
              </value>
            </param>
          </params>
          <reporter-output>
          </reporter-output>
        </test-method> <!-- testLogin -->
        <test-method is-config="true" signature="tearDown()[pri:0, instance:tests.Login@53fb3dab]" started-at="2024-08-26T21:10:40 IST" name="tearDown" finished-at="2024-08-26T21:10:41 IST" duration-ms="1593" status="PASS">
          <reporter-output>
          </reporter-output>
        </test-method> <!-- tearDown -->
      </class> <!-- tests.Login -->
    </test> <!-- Default test -->
  </suite> <!-- Default suite -->
</testng-results>
